[      72ms] [ERROR] Failed to load resource: the server responded with a status of 403 () @ https://10times.com/austmine-conference-exhibition/exhibitors:0
[    1066ms] [WARNING] No available adapters. @ https://challenges.cloudflare.com/cdn-cgi/challenge-platform/h/g/turnstile/f/ov2/av0/rch/eivdn/0x4AAAAAAADnPIDROrmt1Wwj/light/fbE/new/normal?lang=auto:0
[    1085ms] [ERROR] Failed to load resource: the server responded with a status of 401 () @ https://challenges.cloudflare.com/cdn-cgi/challenge-platform/h/g/pat/9df0afc52c00558b/1773967448098/d8fe1013d32b814474f9be305f47842bc30e663e2a2409c4b12b127d93759223/YcqC2ht3u83-M-1:0
[    1246ms] [ERROR] %c%d font-size:0;color:transparent NaN @ https://challenges.cloudflare.com/cdn-cgi/challenge-platform/h/g/turnstile/f/ov2/av0/rch/eivdn/0x4AAAAAAADnPIDROrmt1Wwj/light/fbE/new/normal?lang=auto:0
[    1247ms] [ERROR] %c%d font-size:0;color:transparent NaN @ https://challenges.cloudflare.com/cdn-cgi/challenge-platform/h/g/turnstile/f/ov2/av0/rch/eivdn/0x4AAAAAAADnPIDROrmt1Wwj/light/fbE/new/normal?lang=auto:0
[    1249ms] [WARNING] %c%d font-size:0;color:transparent NaN @ https://challenges.cloudflare.com/cdn-cgi/challenge-platform/h/g/turnstile/f/ov2/av0/rch/eivdn/0x4AAAAAAADnPIDROrmt1Wwj/light/fbE/new/normal?lang=auto:0
[    1250ms] [WARNING] %c%d font-size:0;color:transparent NaN @ https://challenges.cloudflare.com/cdn-cgi/challenge-platform/h/g/turnstile/f/ov2/av0/rch/eivdn/0x4AAAAAAADnPIDROrmt1Wwj/light/fbE/new/normal?lang=auto:0
[    1303ms] [ERROR]  Note that 'script-src' was not explicitly set, so 'default-src' is used as a fallback. @ https://challenges.cloudflare.com/cdn-cgi/challenge-platform/h/g/turnstile/f/ov2/av0/rch/eivdn/0x4AAAAAAADnPIDROrmt1Wwj/light/fbE/new/normal?lang=auto:0
[    8211ms] Uncaught google.ads.search.Ads: Missing option 'query'.
    at <anonymous> (https://www.google.com/adsense/search/ads.js:53:230)
    at <anonymous> (https://www.google.com/adsense/search/ads.js:231:1118)
    at loadAFSAds (https://c1.10times.com/js/utility.js?ver=cnNfMjAyNjAzMTkxOV9jb21wdXRlcg==:0:50762)
    at e.onload (https://c1.10times.com/js/utility.js?ver=cnNfMjAyNjAzMTkxOV9jb21wdXRlcg==:0:50531)
[    9945ms] [WARNING] Google basic consent is not applicable. @ https://cmp.inmobi.com/tcfv2/cmp2.js?referer=10times.com:1
[    9949ms] [WARNING] Regulation is not applicable, hence visit event is not sent. @ https://cmp.inmobi.com/tcfv2/cmp2.js?referer=10times.com:1
[   57598ms] [WARNING] [GSI_LOGGER]: Your client application uses one of the Google One Tap prompt UI status methods that may stop functioning when FedCM becomes mandatory. Refer to the migration guide to update your code accordingly and opt-in to FedCM to test your changes. Learn more: https://developers.google.com/identity/gsi/web/guides/fedcm-migration?s=dc#display_moment and https://developers.google.com/identity/gsi/web/guides/fedcm-migration?s=dc#skipped_moment @ https://accounts.google.com/gsi/client:80
[   57603ms] [ERROR] Not signed in with the identity provider. @ https://10times.com/austmine-conference-exhibition/exhibitors:0
[   58371ms] [ERROR] Failed to load resource: the server responded with a status of 400 () @ https://identitytoolkit.googleapis.com/v1/accounts:signUp?key=AIzaSyBaCZhOXaPMLi4BY4qIKcRcbZ0EIeQlA_U:0
[   58376ms] Uncaught (in promise) FirebaseError: Firebase: This operation is restricted to administrators only. (auth/admin-restricted-operation).
    at V (https://www.gstatic.com/firebasejs/9.9.0/firebase-auth-compat.js:0:21047)
    at M (https://www.gstatic.com/firebasejs/9.9.0/firebase-auth-compat.js:0:20471)
    at te (https://www.gstatic.com/firebasejs/9.9.0/firebase-auth-compat.js:0:26019)
[   62728ms] [ERROR] [GSI_LOGGER]: FedCM get() rejects with NetworkError: Error retrieving a token. @ https://accounts.google.com/gsi/client:81
